{
  "RSpec": {
    "coverage": {
      "/Users/ccamacho/Dropbox/Active/Code/omniauth-active_passport/lib/omniauth-active_passport.rb": [
        1,
        1
      ],
      "/Users/ccamacho/Dropbox/Active/Code/omniauth-active_passport/lib/omniauth-active_passport/version.rb": [
        1,
        1,
        1,
        null,
        null
      ],
      "/Users/ccamacho/Dropbox/Active/Code/omniauth-active_passport/lib/omniauth/strategies/active_passport.rb": [
        1,
        1,
        null,
        1,
        1,
        1,
        null,
        1,
        null,
        null,
        null,
        1,
        null,
        null,
        null,
        null,
        null,
        1,
        null,
        1,
        null,
        1,
        null,
        null,
        null,
        0,
        null,
        null,
        1,
        null,
        null,
        0,
        null,
        null,
        1,
        null,
        null,
        0,
        null,
        null,
        null,
        null
      ],
      "/Users/ccamacho/Dropbox/Active/Code/omniauth-active_passport/lib/oauth2_patch/client.rb": [
        null,
        null,
        1,
        null,
        1,
        null,
        1,
        0,
        0,
        0,
        0,
        null,
        0,
        null,
        0,
        0,
        0,
        null,
        null,
        null
      ]
    },
    "timestamp": 1323381083
  }
}
